<?xml version="1.0" encoding="UTF-8"?>
<!-- Generated by org.testng.reporters.JUnitXMLReporter -->
<testsuite hostname="Dell" ignored="4" name="SeqRun" tests="2" failures="1" timestamp="23 Jun 2018 04:27:58 GMT" time="46.728" errors="0">
  <testcase name="createLead" time="21.122" classname="tests.CreateLead"/>
  <testcase name="EditLead" time="3.216" classname="tests.EditLead">
    <failure type="java.lang.RuntimeException" message="Element Not found error">
      <![CDATA[java.lang.RuntimeException: Element Not found error
at lib.selenium.WebDriverServiceImpl.locateElement(WebDriverServiceImpl.java:43)
at tests.EditLead.EditLead(EditLead.java:14)
... Removed 25 stack frames]]>
    </failure>
  </testcase> <!-- EditLead -->
  <testcase name="@AfterSuite afterSuite" time="0.0" classname="lib.selenium.PreAndPost">
    <ignored/>
  </testcase> <!-- @AfterSuite afterSuite -->
  <testcase name="@BeforeTest beforeTest" time="0.0" classname="lib.selenium.PreAndPost">
    <ignored/>
  </testcase> <!-- @BeforeTest beforeTest -->
  <testcase name="@AfterTest afterTest" time="0.0" classname="lib.selenium.PreAndPost">
    <ignored/>
  </testcase> <!-- @AfterTest afterTest -->
  <testcase name="@BeforeSuite beforeSuite" time="0.0" classname="lib.selenium.PreAndPost">
    <ignored/>
  </testcase> <!-- @BeforeSuite beforeSuite -->
</testsuite> <!-- SeqRun -->
